<?xml version="1.0" encoding="UTF-8"?>
<testsuite xmlns:xsi="http://www.w3.org/2001/XMLSchema-instance" xsi:noNamespaceSchemaLocation="https://maven.apache.org/surefire/maven-surefire-plugin/xsd/surefire-test-report-3.0.xsd" version="3.0" name="TestSuite" time="31.342" tests="5" errors="0" skipped="0" failures="0">
  <properties>
[...]
</properties>
  <testcase name="fileDownloadTest" classname="com.test.download.desktop.ParallelTest" time="3.764">
    <system-out><![CDATA[File exists: true
File properties: {changed_time=1643182896, modified_time=1643182896, size=3187, md5=71d277eaaa7b2ba6f63eda04dad1a6b4, created_time=1643182896}
]]></system-out>
    <system-err><![CDATA[Jan 26, 2022 1:11:27 PM org.openqa.selenium.remote.ProtocolHandshake createSession
INFO: Detected dialect: W3C
Jan 26, 2022 1:11:27 PM org.openqa.selenium.remote.ProtocolHandshake createSession
INFO: Detected dialect: W3C
Jan 26, 2022 1:11:29 PM org.openqa.selenium.remote.ProtocolHandshake createSession
INFO: Detected dialect: W3C
Jan 26, 2022 1:11:31 PM org.openqa.selenium.remote.ProtocolHandshake createSession
INFO: Detected dialect: W3C
Jan 26, 2022 1:11:35 PM org.openqa.selenium.remote.ProtocolHandshake createSession
INFO: Detected dialect: W3C
]]></system-err>
  </testcase>
  <testcase name="fileDownloadTest" classname="com.test.download.desktop.ParallelTest" time="3.903">
    <system-out><![CDATA[File exists: true
File exists: true
File properties: {md5=71d277eaaa7b2ba6f63eda04dad1a6b4, size=3187, changed_time=1643182899, modified_time=1643182898, created_time=1643182898}
]]></system-out>
  </testcase>
  <testcase name="fileDownloadTest" classname="com.test.download.desktop.ParallelTest" time="4.917">
    <system-out><![CDATA[File properties: {changed_time=1643182898, modified_time=1643182898, size=3187, md5=71d277eaaa7b2ba6f63eda04dad1a6b4, created_time=1643182898}
]]></system-out>
  </testcase>
  <testcase name="fileDownloadTest" classname="com.test.download.desktop.ParallelTest" time="13.312">
    <system-out><![CDATA[File exists: true
File properties: {changed_time=1643182905, modified_time=1643182905, size=3187, md5=71d277eaaa7b2ba6f63eda04dad1a6b4, created_time=1643182905}
]]></system-out>
  </testcase>
  <testcase name="fileDownloadTest" classname="com.test.download.desktop.ParallelTest" time="13.705">
    <system-out><![CDATA[File exists: true
File properties: {md5=71d277eaaa7b2ba6f63eda04dad1a6b4, size=3187, changed_time=1643182906, modified_time=1643182906, created_time=1643182906}
]]></system-out>
  </testcase>
</testsuite>