<?xml version="1.0" encoding="UTF-8"?>
<testng-results skipped="0" failed="0" ignored="0" total="5" passed="5">
  <reporter-output>
  </reporter-output>
  <suite name="FileDownload Desktop Parallel Suite" duration-ms="31134" started-at="2022-01-26T13:11:19 IST" finished-at="2022-01-26T13:11:51 IST">
    <groups>
    </groups>
    <test name="FileDownload Desktop Parallel Test 3" duration-ms="21583" started-at="2022-01-26T13:11:19 IST" finished-at="2022-01-26T13:11:41 IST">
      <class name="com.test.download.desktop.ParallelTest">
        <test-method status="PASS" signature="setup(java.lang.String,java.lang.String,java.lang.reflect.Method)[pri:0, instance:com.test.download.desktop.ParallelTest@2a556333]" name="setup" is-config="true" duration-ms="9479" started-at="2022-01-26T13:11:19 IST" finished-at="2022-01-26T13:11:29 IST">
          <params>
            <param index="0">
              <value>
                <![CDATA[desktop]]>
              </value>
            </param>
            <param index="1">
              <value>
                <![CDATA[2]]>
              </value>
            </param>
            <param index="2">
              <value>
                <![CDATA[public void com.test.download.desktop.ParallelTest.fileDownloadTest()]]>
              </value>
            </param>
          </params>
          <reporter-output>
          </reporter-output>
        </test-method> <!-- setup -->
        <test-method status="PASS" signature="fileDownloadTest()[pri:0, instance:com.test.download.desktop.ParallelTest@2a556333]" name="fileDownloadTest" duration-ms="9796" started-at="2022-01-26T13:11:29 IST" finished-at="2022-01-26T13:11:39 IST">
          <reporter-output>
          </reporter-output>
        </test-method> <!-- fileDownloadTest -->
        <test-method status="PASS" signature="closeDriver(org.testng.ITestResult)[pri:0, instance:com.test.download.desktop.ParallelTest@2a556333]" name="closeDriver" is-config="true" duration-ms="2287" started-at="2022-01-26T13:11:39 IST" finished-at="2022-01-26T13:11:41 IST">
          <params>
            <param index="0">
              <value>
                <![CDATA[[TestResult name=fileDownloadTest status=SUCCESS method=ParallelTest.fileDownloadTest()[pri:0, instance:com.test.download.desktop.ParallelTest@2a556333] output={null}]]]>
              </value>
            </param>
          </params>
          <reporter-output>
          </reporter-output>
        </test-method> <!-- closeDriver -->
      </class> <!-- com.test.download.desktop.ParallelTest -->
    </test> <!-- FileDownload Desktop Parallel Test 3 -->
    <test name="FileDownload Desktop Parallel Test 1" duration-ms="21784" started-at="2022-01-26T13:11:19 IST" finished-at="2022-01-26T13:11:41 IST">
      <class name="com.test.download.desktop.ParallelTest">
        <test-method status="PASS" signature="setup(java.lang.String,java.lang.String,java.lang.reflect.Method)[pri:0, instance:com.test.download.desktop.ParallelTest@7c29daf3]" name="setup" is-config="true" duration-ms="7555" started-at="2022-01-26T13:11:19 IST" finished-at="2022-01-26T13:11:27 IST">
          <params>
            <param index="0">
              <value>
                <![CDATA[desktop]]>
              </value>
            </param>
            <param index="1">
              <value>
                <![CDATA[0]]>
              </value>
            </param>
            <param index="2">
              <value>
                <![CDATA[public void com.test.download.desktop.ParallelTest.fileDownloadTest()]]>
              </value>
            </param>
          </params>
          <reporter-output>
          </reporter-output>
        </test-method> <!-- setup -->
        <test-method status="PASS" signature="fileDownloadTest()[pri:0, instance:com.test.download.desktop.ParallelTest@7c29daf3]" name="fileDownloadTest" duration-ms="11868" started-at="2022-01-26T13:11:27 IST" finished-at="2022-01-26T13:11:39 IST">
          <reporter-output>
          </reporter-output>
        </test-method> <!-- fileDownloadTest -->
        <test-method status="PASS" signature="closeDriver(org.testng.ITestResult)[pri:0, instance:com.test.download.desktop.ParallelTest@7c29daf3]" name="closeDriver" is-config="true" duration-ms="2346" started-at="2022-01-26T13:11:39 IST" finished-at="2022-01-26T13:11:41 IST">
          <params>
            <param index="0">
              <value>
                <![CDATA[[TestResult name=fileDownloadTest status=SUCCESS method=ParallelTest.fileDownloadTest()[pri:0, instance:com.test.download.desktop.ParallelTest@7c29daf3] output={null}]]]>
              </value>
            </param>
          </params>
          <reporter-output>
          </reporter-output>
        </test-method> <!-- closeDriver -->
      </class> <!-- com.test.download.desktop.ParallelTest -->
    </test> <!-- FileDownload Desktop Parallel Test 1 -->
    <test name="FileDownload Desktop Parallel Test 5" duration-ms="22731" started-at="2022-01-26T13:11:19 IST" finished-at="2022-01-26T13:11:42 IST">
      <class name="com.test.download.desktop.ParallelTest">
        <test-method status="PASS" signature="setup(java.lang.String,java.lang.String,java.lang.reflect.Method)[pri:0, instance:com.test.download.desktop.ParallelTest@2173f6d9]" name="setup" is-config="true" duration-ms="7842" started-at="2022-01-26T13:11:19 IST" finished-at="2022-01-26T13:11:27 IST">
          <params>
            <param index="0">
              <value>
                <![CDATA[desktop]]>
              </value>
            </param>
            <param index="1">
              <value>
                <![CDATA[4]]>
              </value>
            </param>
            <param index="2">
              <value>
                <![CDATA[public void com.test.download.desktop.ParallelTest.fileDownloadTest()]]>
              </value>
            </param>
          </params>
          <reporter-output>
          </reporter-output>
        </test-method> <!-- setup -->
        <test-method status="PASS" signature="fileDownloadTest()[pri:0, instance:com.test.download.desktop.ParallelTest@2173f6d9]" name="fileDownloadTest" duration-ms="12595" started-at="2022-01-26T13:11:27 IST" finished-at="2022-01-26T13:11:40 IST">
          <reporter-output>
          </reporter-output>
        </test-method> <!-- fileDownloadTest -->
        <test-method status="PASS" signature="closeDriver(org.testng.ITestResult)[pri:0, instance:com.test.download.desktop.ParallelTest@2173f6d9]" name="closeDriver" is-config="true" duration-ms="2278" started-at="2022-01-26T13:11:40 IST" finished-at="2022-01-26T13:11:42 IST">
          <params>
            <param index="0">
              <value>
                <![CDATA[[TestResult name=fileDownloadTest status=SUCCESS method=ParallelTest.fileDownloadTest()[pri:0, instance:com.test.download.desktop.ParallelTest@2173f6d9] output={null}]]]>
              </value>
            </param>
          </params>
          <reporter-output>
          </reporter-output>
        </test-method> <!-- closeDriver -->
      </class> <!-- com.test.download.desktop.ParallelTest -->
    </test> <!-- FileDownload Desktop Parallel Test 5 -->
    <test name="FileDownload Desktop Parallel Test 2" duration-ms="30957" started-at="2022-01-26T13:11:19 IST" finished-at="2022-01-26T13:11:50 IST">
      <class name="com.test.download.desktop.ParallelTest">
        <test-method status="PASS" signature="setup(java.lang.String,java.lang.String,java.lang.reflect.Method)[pri:0, instance:com.test.download.desktop.ParallelTest@4b553d26]" name="setup" is-config="true" duration-ms="11730" started-at="2022-01-26T13:11:19 IST" finished-at="2022-01-26T13:11:31 IST">
          <params>
            <param index="0">
              <value>
                <![CDATA[desktop]]>
              </value>
            </param>
            <param index="1">
              <value>
                <![CDATA[1]]>
              </value>
            </param>
            <param index="2">
              <value>
                <![CDATA[public void com.test.download.desktop.ParallelTest.fileDownloadTest()]]>
              </value>
            </param>
          </params>
          <reporter-output>
          </reporter-output>
        </test-method> <!-- setup -->
        <test-method status="PASS" signature="fileDownloadTest()[pri:0, instance:com.test.download.desktop.ParallelTest@4b553d26]" name="fileDownloadTest" duration-ms="17103" started-at="2022-01-26T13:11:31 IST" finished-at="2022-01-26T13:11:48 IST">
          <reporter-output>
          </reporter-output>
        </test-method> <!-- fileDownloadTest -->
        <test-method status="PASS" signature="closeDriver(org.testng.ITestResult)[pri:0, instance:com.test.download.desktop.ParallelTest@4b553d26]" name="closeDriver" is-config="true" duration-ms="2108" started-at="2022-01-26T13:11:48 IST" finished-at="2022-01-26T13:11:50 IST">
          <params>
            <param index="0">
              <value>
                <![CDATA[[TestResult name=fileDownloadTest status=SUCCESS method=ParallelTest.fileDownloadTest()[pri:0, instance:com.test.download.desktop.ParallelTest@4b553d26] output={null}]]]>
              </value>
            </param>
          </params>
          <reporter-output>
          </reporter-output>
        </test-method> <!-- closeDriver -->
      </class> <!-- com.test.download.desktop.ParallelTest -->
    </test> <!-- FileDownload Desktop Parallel Test 2 -->
    <test name="FileDownload Desktop Parallel Test 4" duration-ms="31134" started-at="2022-01-26T13:11:19 IST" finished-at="2022-01-26T13:11:51 IST">
      <class name="com.test.download.desktop.ParallelTest">
        <test-method status="PASS" signature="setup(java.lang.String,java.lang.String,java.lang.reflect.Method)[pri:0, instance:com.test.download.desktop.ParallelTest@3dfc5fb8]" name="setup" is-config="true" duration-ms="15520" started-at="2022-01-26T13:11:19 IST" finished-at="2022-01-26T13:11:35 IST">
          <params>
            <param index="0">
              <value>
                <![CDATA[desktop]]>
              </value>
            </param>
            <param index="1">
              <value>
                <![CDATA[3]]>
              </value>
            </param>
            <param index="2">
              <value>
                <![CDATA[public void com.test.download.desktop.ParallelTest.fileDownloadTest()]]>
              </value>
            </param>
          </params>
          <reporter-output>
          </reporter-output>
        </test-method> <!-- setup -->
        <test-method status="PASS" signature="fileDownloadTest()[pri:0, instance:com.test.download.desktop.ParallelTest@3dfc5fb8]" name="fileDownloadTest" duration-ms="13705" started-at="2022-01-26T13:11:35 IST" finished-at="2022-01-26T13:11:49 IST">
          <reporter-output>
          </reporter-output>
        </test-method> <!-- fileDownloadTest -->
        <test-method status="PASS" signature="closeDriver(org.testng.ITestResult)[pri:0, instance:com.test.download.desktop.ParallelTest@3dfc5fb8]" name="closeDriver" is-config="true" duration-ms="1893" started-at="2022-01-26T13:11:49 IST" finished-at="2022-01-26T13:11:51 IST">
          <params>
            <param index="0">
              <value>
                <![CDATA[[TestResult name=fileDownloadTest status=SUCCESS method=ParallelTest.fileDownloadTest()[pri:0, instance:com.test.download.desktop.ParallelTest@3dfc5fb8] output={null}]]]>
              </value>
            </param>
          </params>
          <reporter-output>
          </reporter-output>
        </test-method> <!-- closeDriver -->
      </class> <!-- com.test.download.desktop.ParallelTest -->
    </test> <!-- FileDownload Desktop Parallel Test 4 -->
  </suite> <!-- FileDownload Desktop Parallel Suite -->
</testng-results>
